c:\users\gameuser\documents\college stuff\ai for games\project\ai-space-station\ai-space-station\ai-space-station\debug\vc141.pdb
c:\users\gameuser\documents\college stuff\ai for games\project\ai-space-station\ai-space-station\ai-space-station\debug\vc141.idb
c:\users\gameuser\documents\college stuff\ai for games\project\ai-space-station\ai-space-station\ai-space-station\debug\splashscreen.obj
c:\users\gameuser\documents\college stuff\ai for games\project\ai-space-station\ai-space-station\ai-space-station\debug\power-up.obj
c:\users\gameuser\documents\college stuff\ai for games\project\ai-space-station\ai-space-station\ai-space-station\debug\player.obj
c:\users\gameuser\documents\college stuff\ai for games\project\ai-space-station\ai-space-station\ai-space-station\debug\main.obj
c:\users\gameuser\documents\college stuff\ai for games\project\ai-space-station\ai-space-station\ai-space-station\debug\licensescreen.obj
c:\users\gameuser\documents\college stuff\ai for games\project\ai-space-station\ai-space-station\ai-space-station\debug\game.obj
c:\users\gameuser\documents\college stuff\ai for games\project\ai-space-station\ai-space-station\ai-space-station\debug\tile.obj
c:\users\gameuser\documents\college stuff\ai for games\project\ai-space-station\ai-space-station\ai-space-station\debug\predator.obj
c:\users\gameuser\documents\college stuff\ai for games\project\ai-space-station\ai-space-station\ai-space-station\debug\aliennest.obj
c:\users\gameuser\documents\college stuff\ai for games\project\ai-space-station\ai-space-station\ai-space-station\debug\projectile.obj
c:\users\gameuser\documents\college stuff\ai for games\project\ai-space-station\ai-space-station\debug\ai-space-station.exe
c:\users\gameuser\documents\college stuff\ai for games\project\ai-space-station\ai-space-station\debug\ai-space-station.ilk
c:\users\gameuser\documents\college stuff\ai for games\project\ai-space-station\ai-space-station\debug\ai-space-station.pdb
c:\users\gameuser\documents\college stuff\ai for games\project\ai-space-station\ai-space-station\ai-space-station\debug\ai-space-station.tlog\cl.command.1.tlog
c:\users\gameuser\documents\college stuff\ai for games\project\ai-space-station\ai-space-station\ai-space-station\debug\ai-space-station.tlog\cl.read.1.tlog
c:\users\gameuser\documents\college stuff\ai for games\project\ai-space-station\ai-space-station\ai-space-station\debug\ai-space-station.tlog\cl.write.1.tlog
c:\users\gameuser\documents\college stuff\ai for games\project\ai-space-station\ai-space-station\ai-space-station\debug\ai-space-station.tlog\link.command.1.tlog
c:\users\gameuser\documents\college stuff\ai for games\project\ai-space-station\ai-space-station\ai-space-station\debug\ai-space-station.tlog\link.read.1.tlog
c:\users\gameuser\documents\college stuff\ai for games\project\ai-space-station\ai-space-station\ai-space-station\debug\ai-space-station.tlog\link.write.1.tlog
