  Game.cpp
c:\users\gameuser\documents\college stuff\ai for games\project\ai-space-station\ai-space-station\ai-space-station\game.cpp(22): warning C4244: 'argument': conversion from 'unsigned int' to 'float', possible loss of data
c:\users\gameuser\documents\college stuff\ai for games\project\ai-space-station\ai-space-station\ai-space-station\game.cpp(28): warning C4244: 'argument': conversion from 'unsigned int' to 'float', possible loss of data
c:\users\gameuser\documents\college stuff\ai for games\project\ai-space-station\ai-space-station\ai-space-station\game.cpp(127): warning C4018: '<': signed/unsigned mismatch
c:\users\gameuser\documents\college stuff\ai for games\project\ai-space-station\ai-space-station\ai-space-station\game.cpp(192): warning C4018: '<': signed/unsigned mismatch
c:\users\gameuser\documents\college stuff\ai for games\project\ai-space-station\ai-space-station\ai-space-station\game.cpp(197): warning C4018: '<': signed/unsigned mismatch
c:\users\gameuser\documents\college stuff\ai for games\project\ai-space-station\ai-space-station\ai-space-station\game.cpp(209): warning C4018: '<': signed/unsigned mismatch
c:\users\gameuser\documents\college stuff\ai for games\project\ai-space-station\ai-space-station\ai-space-station\game.cpp(214): warning C4018: '<': signed/unsigned mismatch
c:\users\gameuser\documents\college stuff\ai for games\project\ai-space-station\ai-space-station\ai-space-station\game.cpp(301): warning C4244: 'argument': conversion from 'int' to 'float', possible loss of data
c:\users\gameuser\documents\college stuff\ai for games\project\ai-space-station\ai-space-station\ai-space-station\game.cpp(304): warning C4244: 'argument': conversion from 'int' to 'float', possible loss of data
c:\users\gameuser\documents\college stuff\ai for games\project\ai-space-station\ai-space-station\ai-space-station\game.cpp(307): warning C4244: 'argument': conversion from 'int' to 'float', possible loss of data
c:\users\gameuser\documents\college stuff\ai for games\project\ai-space-station\ai-space-station\ai-space-station\game.cpp(310): warning C4244: 'argument': conversion from 'int' to 'float', possible loss of data
c:\users\gameuser\documents\college stuff\ai for games\project\ai-space-station\ai-space-station\ai-space-station\game.cpp(313): warning C4244: 'argument': conversion from 'int' to 'float', possible loss of data
c:\users\gameuser\documents\college stuff\ai for games\project\ai-space-station\ai-space-station\ai-space-station\game.cpp(316): warning C4244: 'argument': conversion from 'int' to 'float', possible loss of data
c:\users\gameuser\documents\college stuff\ai for games\project\ai-space-station\ai-space-station\ai-space-station\game.cpp(319): warning C4244: 'argument': conversion from 'int' to 'float', possible loss of data
c:\users\gameuser\documents\college stuff\ai for games\project\ai-space-station\ai-space-station\ai-space-station\game.cpp(322): warning C4244: 'argument': conversion from 'int' to 'float', possible loss of data
c:\users\gameuser\documents\college stuff\ai for games\project\ai-space-station\ai-space-station\ai-space-station\game.cpp(325): warning C4244: 'argument': conversion from 'int' to 'float', possible loss of data
c:\users\gameuser\documents\college stuff\ai for games\project\ai-space-station\ai-space-station\ai-space-station\game.cpp(328): warning C4244: 'argument': conversion from 'int' to 'float', possible loss of data
c:\users\gameuser\documents\college stuff\ai for games\project\ai-space-station\ai-space-station\ai-space-station\game.cpp(331): warning C4244: 'argument': conversion from 'int' to 'float', possible loss of data
c:\users\gameuser\documents\college stuff\ai for games\project\ai-space-station\ai-space-station\ai-space-station\game.cpp(334): warning C4244: 'argument': conversion from 'int' to 'float', possible loss of data
c:\users\gameuser\documents\college stuff\ai for games\project\ai-space-station\ai-space-station\ai-space-station\game.cpp(337): warning C4244: 'argument': conversion from 'int' to 'float', possible loss of data
  AI-Space-Station.vcxproj -> C:\Users\gameuser\Documents\college stuff\AI for games\Project\AI-Space-Station\AI-Space-Station\Debug\AI-Space-Station.exe
